#
# A fatal error has been detected by the Java Runtime Environment:
#
#  SIGSEGV (0xb) at pc=0x00007f6692e464f3, pid=25685, tid=140078351529728
#
# JRE version: 6.0_27-b27
# Java VM: OpenJDK 64-Bit Server VM (20.0-b12 mixed mode linux-amd64 compressed oops)
# Derivative: IcedTea6 1.12.3
# Distribution: Ubuntu 12.10, package 6b27-1.12.3-0ubuntu1~12.10
# Problematic frame:
# V  [libjvm.so+0x6b34f3]  PSPromotionManager::copy_to_survivor_space(oopDesc*)+0x243
#
# If you would like to submit a bug report, please include
# instructions how to reproduce the bug and visit:
#   https://bugs.launchpad.net/ubuntu/+source/openjdk-6/
#

---------------  T H R E A D  ---------------

Current thread (0x00007f668c01a000):  GCTaskThread [stack: 0x00007f6688523000,0x00007f6688624000] [id=25708]

siginfo:si_signo=SIGSEGV: si_errno=0, si_code=1 (SEGV_MAPERR), si_addr=0x0000000000000040

Registers:
RAX=0x0000000000000001, RBX=0x00007f668c077060, RCX=0x0000000000000003, RDX=0x0000000000000028
RSP=0x00007f6688622c20, RBP=0x00007f6688622c80, RSI=0x00007f669333fbf0, RDI=0x00007f668c077060
R8 =0x00007f668c077060, R9 =0x0000000000000000, R10=0x0000000000008000, R11=0x00007f669370f510
R12=0x0000000796bc4d78, R13=0x00000000f2d787aa, R14=0x00007f668c077060, R15=0x00007f668c0770c8
RIP=0x00007f6692e464f3, EFLAGS=0x0000000000010206, CSGSFS=0x0000000000000033, ERR=0x0000000000000004
  TRAPNO=0x000000000000000e

Top of Stack: (sp=0x00007f6688622c20)
0x00007f6688622c20:   00007f6688622c90 0000000000000028
0x00007f6688622c30:   00007f668c077000 0000000000000030
0x00007f6688622c40:   0000000799f84010 0000000000001000
0x00007f6688622c50:   0000000799e90000 00007f668c077060
0x00007f6688622c60:   0000000799f86f3c 0000000000000000
0x00007f6688622c70:   00007f669333fbf0 00007f668c0770c8
0x00007f6688622c80:   00007f6688622d00 00007f6692e47378
0x00007f6688622c90:   00007f6688622ca0 00007f6692c26098
0x00007f6688622ca0:   00007f668c0770e0 00007f668c0770d0
0x00007f6688622cb0:   00007f6688622d00 000000067e77ad30
0x00007f6688622cc0:   00007f668c077060 000000067ce00250
0x00007f6688622cd0:   00007f6688622d00 000000067e77aff8
0x00007f6688622ce0:   00007f668c00ff90 000000067e77aff8
0x00007f6688622cf0:   00007f66933541e3 00007f66902e640d
0x00007f6688622d00:   00007f6688622db0 00007f6692aa4957
0x00007f6688622d10:   00007f6688622db0 00007f66933541e3
0x00007f6688622d20:   00007f66902e2bd8 00007f66902e2bd7
0x00007f6688622d30:   00007f668c00ff90 00007f668c00de20
0x00007f6688622d40:   00007f668c00ff90 000000067e77abf0
0x00007f6688622d50:   00007f66902e2bd7 00007f66902e2bd7
0x00007f6688622d60:   000000067ee81af8 00007f668c077060
0x00007f6688622d70:   00007f66902e2bd8 000000067e77aff8
0x00007f6688622d80:   00007f6688622da0 00007f668c077060
0x00007f6688622d90:   00007f668c023e80 00007f6692f80d08
0x00007f6688622da0:   00007f668c023e80 00007f668c01a000
0x00007f6688622db0:   00007f6688622dd0 00007f6692e49c3f
0x00007f6688622dc0:   00007f6693353ff6 0000000000000000
0x00007f6688622dd0:   00007f6688622ea0 00007f6692bd40a9
0x00007f6688622de0:   00007f668c01abe8 00007f668c01a810
0x00007f6688622df0:   00007f668c01a800 00007f668c01a7d0
0x00007f6688622e00:   0000000000000000 0000000000000000
0x00007f6688622e10:   00007f668c01a000 00007f668c01abf0 

Instructions: (pc=0x00007f6692e464f3)
0x00007f6692e464d3:   48 c1 ea 03 83 e2 0f e9 4b fe ff ff 90 8b 56 08
0x00007f6692e464e3:   48 8b 35 be 22 4e 00 8b 4e 08 48 d3 e2 48 03 16
0x00007f6692e464f3:   8b 4a 18 83 f9 00 0f 8f 08 fe ff ff 0f 85 eb 01
0x00007f6692e46503:   00 00 48 8b 42 10 48 8d 7a 10 4c 89 e6 ff 90 a0 

Register to memory mapping:

RAX=0x0000000000000001 is an unknown value
RBX=0x00007f668c077060 is an unknown value
RCX=0x0000000000000003 is an unknown value
RDX=0x0000000000000028 is an unknown value
RSP=0x00007f6688622c20 is an unknown value
RBP=0x00007f6688622c80 is an unknown value
RSI=0x00007f669333fbf0: <offset 0xbacbf0> in /usr/lib/jvm/java-6-openjdk-amd64/jre/lib/amd64/server/libjvm.so at 0x00007f6692793000
RDI=0x00007f668c077060 is an unknown value
R8 =0x00007f668c077060 is an unknown value
R9 =0x0000000000000000 is an unknown value
R10=0x0000000000008000 is an unknown value
R11=0x00007f669370f510: <offset 0x183510> in /lib/x86_64-linux-gnu/libc.so.6 at 0x00007f669358c000
R12=0x0000000796bc4d78 is an unknown value
R13=0x00000000f2d787aa is an unknown value
R14=0x00007f668c077060 is an unknown value
R15=0x00007f668c0770c8 is an unknown value


Stack: [0x00007f6688523000,0x00007f6688624000],  sp=0x00007f6688622c20,  free space=1023k
Native frames: (J=compiled Java code, j=interpreted, Vv=VM code, C=native code)
V  [libjvm.so+0x6b34f3]  PSPromotionManager::copy_to_survivor_space(oopDesc*)+0x243
V  [libjvm.so+0x6b4378]  PSPromotionManager::drain_stacks_depth(bool)+0x688
V  [libjvm.so+0x311957]  CardTableExtension::scavenge_contents(ObjectStartArray*, MutableSpace*, HeapWord*, PSPromotionManager*)+0x5a7
V  [libjvm.so+0x6b6c3f]  SerialOldToYoungRootsTask::do_it(GCTaskManager*, unsigned int)+0x3f
V  [libjvm.so+0x4410a9]  GCTaskThread::run()+0x109
V  [libjvm.so+0x662e1a]  java_start(Thread*)+0xda


---------------  P R O C E S S  ---------------

Java Threads: ( => current thread )
  0x00007f668d17a800 JavaThread "Provisioning Event Dispatcher" daemon [_thread_blocked, id=25733, stack(0x00007f668146f000,0x00007f6681570000)]
  0x00007f65d4001000 JavaThread "Worker-1" [_thread_blocked, id=25732, stack(0x00007f6681570000,0x00007f6681671000)]
  0x00007f668cb9d800 JavaThread "MultiThreadedHttpConnectionManager cleanup" daemon [_thread_blocked, id=25731, stack(0x00007f6681cc0000,0x00007f6681dc1000)]
  0x00007f668c6ac800 JavaThread "Worker-0" [_thread_blocked, id=25730, stack(0x00007f6681dc1000,0x00007f6681ec2000)]
  0x00007f668d86f800 JavaThread "Worker-JM" [_thread_blocked, id=25729, stack(0x00007f6681f07000,0x00007f6682008000)]
  0x00007f668d86f000 JavaThread "[ThreadPool Manager] - Idle Thread" [_thread_blocked, id=25728, stack(0x00007f668200c000,0x00007f668210d000)]
  0x00007f668d86c000 JavaThread "[Timer] - Main Queue Handler" [_thread_blocked, id=25727, stack(0x00007f668210d000,0x00007f668220e000)]
  0x00007f668d730800 JavaThread "Start Level Event Dispatcher" daemon [_thread_blocked, id=25725, stack(0x00007f6682210000,0x00007f6682311000)]
  0x00007f668d14c800 JavaThread "Framework Event Dispatcher" daemon [_thread_blocked, id=25724, stack(0x00007f6682311000,0x00007f6682412000)]
  0x00007f668d0a4800 JavaThread "State Saver" [_thread_blocked, id=25723, stack(0x00007f6682412000,0x00007f6682513000)]
  0x00007f668d173000 JavaThread "Framework Active Thread" [_thread_blocked, id=25722, stack(0x00007f6682932000,0x00007f6682a33000)]
  0x00007f668c0a5800 JavaThread "Low Memory Detector" daemon [_thread_blocked, id=25718, stack(0x00007f6682bf3000,0x00007f6682cf4000)]
  0x00007f668c0a3800 JavaThread "C2 CompilerThread1" daemon [_thread_blocked, id=25717, stack(0x00007f6682cf4000,0x00007f6682df5000)]
  0x00007f668c0a0800 JavaThread "C2 CompilerThread0" daemon [_thread_blocked, id=25716, stack(0x00007f6682df5000,0x00007f6682ef6000)]
  0x00007f668c092800 JavaThread "Signal Dispatcher" daemon [_thread_blocked, id=25715, stack(0x00007f6682ef6000,0x00007f6682ff7000)]
  0x00007f668c080000 JavaThread "Finalizer" daemon [_thread_blocked, id=25714, stack(0x00007f66833f4000,0x00007f66834f5000)]
  0x00007f668c07e000 JavaThread "Reference Handler" daemon [_thread_blocked, id=25713, stack(0x00007f66834f5000,0x00007f66835f6000)]
  0x00007f668c008000 JavaThread "main" [_thread_blocked, id=25703, stack(0x00007f6694063000,0x00007f6694164000)]

Other Threads:
  0x00007f668c079000 VMThread [stack: 0x00007f66835f6000,0x00007f66836f7000] [id=25712]
  0x00007f668c0a8800 WatcherThread [stack: 0x00007f6682af2000,0x00007f6682bf3000] [id=25719]

=>0x00007f668c01a000 (exited) GCTaskThread [stack: 0x00007f6688523000,0x00007f6688624000] [id=25708]

VM state:at safepoint (normal execution)

VM Mutex/Monitor currently owned by a thread:  ([mutex/lock_event])
[0x00007f668c0044f0] Threads_lock - owner thread: 0x00007f668c079000
[0x00007f668c0049f0] Heap_lock - owner thread: 0x00007f668d17a800

Heap
 PSYoungGen      total 406336K, used 386208K [0x00000007826b0000, 0x000000079cc50000, 0x0000000800000000)
  eden space 384384K, 100% used [0x00000007826b0000,0x0000000799e10000,0x0000000799e10000)
  from space 21952K, 8% used [0x000000079b4a0000,0x000000079b668000,0x000000079ca10000)
  to   space 23104K, 31% used [0x0000000799e10000,0x000000079a540c20,0x000000079b4a0000)
 PSOldGen        total 257152K, used 16303K [0x0000000687400000, 0x0000000696f20000, 0x00000007826b0000)
  object space 257152K, 6% used [0x0000000687400000,0x00000006883ebd00,0x0000000696f20000)
 PSPermGen       total 33344K, used 33286K [0x000000067ce00000, 0x000000067ee90000, 0x0000000687400000)
  object space 33344K, 99% used [0x000000067ce00000,0x000000067ee81af8,0x000000067ee90000)

Code Cache  [0x00007f6689000000, 0x00007f6689550000, 0x00007f668c000000)
 total_blobs=1424 nmethods=1108 adapters=269 free_code_cache=44874944 largest_free_block=21888

Dynamic libraries:
00400000-00409000 r-xp 00000000 08:02 5511248                            /usr/lib/jvm/java-6-openjdk-amd64/jre/bin/java
00608000-00609000 r--p 00008000 08:02 5511248                            /usr/lib/jvm/java-6-openjdk-amd64/jre/bin/java
00609000-0060a000 rw-p 00009000 08:02 5511248                            /usr/lib/jvm/java-6-openjdk-amd64/jre/bin/java
008a1000-008c2000 rw-p 00000000 00:00 0                                  [heap]
67ce00000-67ee90000 rw-p 00000000 00:00 0 
67ee90000-687400000 rw-p 00000000 00:00 0 
687400000-696f20000 rw-p 00000000 00:00 0 
696f20000-7826b0000 rw-p 00000000 00:00 0 
7826b0000-79cc50000 rw-p 00000000 00:00 0 
79cc50000-800000000 rw-p 00000000 00:00 0 
7f65cc000000-7f65cc021000 rw-p 00000000 00:00 0 
7f65cc021000-7f65d0000000 ---p 00000000 00:00 0 
7f65d0000000-7f65d0021000 rw-p 00000000 00:00 0 
7f65d0021000-7f65d4000000 ---p 00000000 00:00 0 
7f65d4000000-7f65d4021000 rw-p 00000000 00:00 0 
7f65d4021000-7f65d8000000 ---p 00000000 00:00 0 
7f65d8000000-7f65d8021000 rw-p 00000000 00:00 0 
7f65d8021000-7f65dc000000 ---p 00000000 00:00 0 
7f65dc000000-7f65de3e2000 rw-p 00000000 00:00 0 
7f65de3e2000-7f65e0000000 ---p 00000000 00:00 0 
7f65e4000000-7f65e7ffc000 rw-p 00000000 00:00 0 
7f65e7ffc000-7f65e8000000 ---p 00000000 00:00 0 
7f65e8000000-7f65ebffc000 rw-p 00000000 00:00 0 
7f65ebffc000-7f65ec000000 ---p 00000000 00:00 0 
7f65ec000000-7f65efffe000 rw-p 00000000 00:00 0 
7f65efffe000-7f65f0000000 ---p 00000000 00:00 0 
7f65f0000000-7f65f3ffc000 rw-p 00000000 00:00 0 
7f65f3ffc000-7f65f4000000 ---p 00000000 00:00 0 
7f65f4000000-7f65f7ff3000 rw-p 00000000 00:00 0 
7f65f7ff3000-7f65f8000000 ---p 00000000 00:00 0 
7f65f8000000-7f65fbff2000 rw-p 00000000 00:00 0 
7f65fbff2000-7f65fc000000 ---p 00000000 00:00 0 
7f65fc000000-7f65fffff000 rw-p 00000000 00:00 0 
7f65fffff000-7f6600000000 ---p 00000000 00:00 0 
7f6600000000-7f6603ff9000 rw-p 00000000 00:00 0 
7f6603ff9000-7f6604000000 ---p 00000000 00:00 0 
7f6604000000-7f6607ffb000 rw-p 00000000 00:00 0 
7f6607ffb000-7f6608000000 ---p 00000000 00:00 0 
7f6608000000-7f660bfff000 rw-p 00000000 00:00 0 
7f660bfff000-7f660c000000 ---p 00000000 00:00 0 
7f660c000000-7f660c02a000 rw-p 00000000 00:00 0 
7f660c02a000-7f6610000000 ---p 00000000 00:00 0 
7f6610000000-7f6610021000 rw-p 00000000 00:00 0 
7f6610021000-7f6614000000 ---p 00000000 00:00 0 
7f6614000000-7f6614021000 rw-p 00000000 00:00 0 
7f6614021000-7f6618000000 ---p 00000000 00:00 0 
7f6618000000-7f6618047000 rw-p 00000000 00:00 0 
7f6618047000-7f661c000000 ---p 00000000 00:00 0 
7f661c000000-7f661c021000 rw-p 00000000 00:00 0 
7f661c021000-7f6620000000 ---p 00000000 00:00 0 
7f6620000000-7f6620021000 rw-p 00000000 00:00 0 
7f6620021000-7f6624000000 ---p 00000000 00:00 0 
7f6624000000-7f6624021000 rw-p 00000000 00:00 0 
7f6624021000-7f6628000000 ---p 00000000 00:00 0 
7f6628000000-7f662bffc000 rw-p 00000000 00:00 0 
7f662bffc000-7f662c000000 ---p 00000000 00:00 0 
7f662c000000-7f662c021000 rw-p 00000000 00:00 0 
7f662c021000-7f6630000000 ---p 00000000 00:00 0 
7f6630000000-7f6630021000 rw-p 00000000 00:00 0 
7f6630021000-7f6634000000 ---p 00000000 00:00 0 
7f6634000000-7f6638000000 rw-p 00000000 00:00 0 
7f6638000000-7f663bff4000 rw-p 00000000 00:00 0 
7f663bff4000-7f663c000000 ---p 00000000 00:00 0 
7f663c000000-7f663c021000 rw-p 00000000 00:00 0 
7f663c021000-7f6640000000 ---p 00000000 00:00 0 
7f6640000000-7f6640021000 rw-p 00000000 00:00 0 
7f6640021000-7f6644000000 ---p 00000000 00:00 0 
7f6644000000-7f66442a1000 rw-p 00000000 00:00 0 
7f66442a1000-7f6648000000 ---p 00000000 00:00 0 
7f6648000000-7f6648021000 rw-p 00000000 00:00 0 
7f6648021000-7f664c000000 ---p 00000000 00:00 0 
7f664c000000-7f664c021000 rw-p 00000000 00:00 0 
7f664c021000-7f6650000000 ---p 00000000 00:00 0 
7f6654000000-7f6654207000 rw-p 00000000 00:00 0 
7f6654207000-7f6658000000 ---p 00000000 00:00 0 
7f665c000000-7f665c021000 rw-p 00000000 00:00 0 
7f665c021000-7f6660000000 ---p 00000000 00:00 0 
7f6664000000-7f6664021000 rw-p 00000000 00:00 0 
7f6664021000-7f6668000000 ---p 00000000 00:00 0 
7f666c000000-7f666c021000 rw-p 00000000 00:00 0 
7f666c021000-7f6670000000 ---p 00000000 00:00 0 
7f6674000000-7f6674022000 rw-p 00000000 00:00 0 
7f6674022000-7f6678000000 ---p 00000000 00:00 0 
7f667c000000-7f667c021000 rw-p 00000000 00:00 0 
7f667c021000-7f6680000000 ---p 00000000 00:00 0 
7f668146f000-7f6681472000 ---p 00000000 00:00 0 
7f6681472000-7f6681570000 rw-p 00000000 00:00 0                          [stack:25733]
7f6681570000-7f6681573000 ---p 00000000 00:00 0 
7f6681573000-7f6681671000 rw-p 00000000 00:00 0                          [stack:25732]
7f6681671000-7f6681689000 r-xp 00000000 08:02 6294768                    /lib/x86_64-linux-gnu/libresolv-2.15.so
7f6681689000-7f6681889000 ---p 00018000 08:02 6294768                    /lib/x86_64-linux-gnu/libresolv-2.15.so
7f6681889000-7f668188a000 r--p 00018000 08:02 6294768                    /lib/x86_64-linux-gnu/libresolv-2.15.so
7f668188a000-7f668188b000 rw-p 00019000 08:02 6294768                    /lib/x86_64-linux-gnu/libresolv-2.15.so
7f668188b000-7f668188d000 rw-p 00000000 00:00 0 
7f668188d000-7f6681894000 r-xp 00000000 08:02 6305157                    /lib/x86_64-linux-gnu/libnss_dns-2.15.so
7f6681894000-7f6681a93000 ---p 00007000 08:02 6305157                    /lib/x86_64-linux-gnu/libnss_dns-2.15.so
7f6681a93000-7f6681a94000 r--p 00006000 08:02 6305157                    /lib/x86_64-linux-gnu/libnss_dns-2.15.so
7f6681a94000-7f6681a95000 rw-p 00007000 08:02 6305157                    /lib/x86_64-linux-gnu/libnss_dns-2.15.so
7f6681a95000-7f6681a97000 r-xp 00000000 08:02 6293229                    /lib/libnss_mdns4_minimal.so.2
7f6681a97000-7f6681c96000 ---p 00002000 08:02 6293229                    /lib/libnss_mdns4_minimal.so.2
7f6681c96000-7f6681c97000 r--p 00001000 08:02 6293229                    /lib/libnss_mdns4_minimal.so.2
7f6681c97000-7f6681c98000 rw-p 00002000 08:02 6293229                    /lib/libnss_mdns4_minimal.so.2
7f6681cc0000-7f6681cc3000 ---p 00000000 00:00 0 
7f6681cc3000-7f6681dc1000 rw-p 00000000 00:00 0                          [stack:25731]
7f6681dc1000-7f6681dc4000 ---p 00000000 00:00 0 
7f6681dc4000-7f6681ec2000 rw-p 00000000 00:00 0                          [stack:25730]
7f6681ec2000-7f6681ec4000 r--s 00004000 08:03 50203365                   /home/eskimo/Projects/jbds/.m2/jbosstools-submodules/keplerm5/org/eclipse/tycho/tycho-p2-publisher-plugin/0.16.0/tycho-p2-publisher-plugin-0.16.0.jar
7f6681ec4000-7f6681ec5000 r--s 0000a000 08:03 50203357                   /home/eskimo/Projects/jbds/.m2/jbosstools-submodules/keplerm5/net/sf/saxon/saxon-dom/8.7/saxon-dom-8.7.jar
7f6681ec5000-7f6681ed7000 r--s 0030c000 08:03 50203355                   /home/eskimo/Projects/jbds/.m2/jbosstools-submodules/keplerm5/net/sf/saxon/saxon/8.7/saxon-8.7.jar
7f6681ed7000-7f6681eda000 r--s 0000a000 08:03 50074948                   /home/eskimo/Projects/jbds/.m2/jbosstools-submodules/keplerm5/org/codehaus/plexus/plexus-io/1.0.1/plexus-io-1.0.1.jar
7f6681eda000-7f6681ede000 r--s 00029000 08:03 50074949                   /home/eskimo/Projects/jbds/.m2/jbosstools-submodules/keplerm5/org/codehaus/plexus/plexus-archiver/1.2/plexus-archiver-1.2.jar
7f6681ede000-7f6681edf000 r--s 00004000 08:03 50074950                   /home/eskimo/Projects/jbds/.m2/jbosstools-submodules/keplerm5/org/apache/maven/maven-archiver/2.4/maven-archiver-2.4.jar
7f6681edf000-7f6681ee3000 r--s 00033000 08:03 49943500                   /home/eskimo/Projects/jbds/.m2/jbosstools-submodules/keplerm5/org/codehaus/plexus/plexus-utils/2.0.4/plexus-utils-2.0.4.jar
7f6681ee3000-7f6681ee6000 r--s 00015000 08:03 50074947                   /home/eskimo/Projects/jbds/.m2/jbosstools-submodules/keplerm5/org/eclipse/tycho/tycho-packaging-plugin/0.15.0/tycho-packaging-plugin-0.15.0.jar
7f6681ee6000-7f6681ee7000 r--s 00003000 08:03 50074837                   /home/eskimo/Projects/jbds/.m2/jbosstools-submodules/keplerm5/org/jboss/tools/tycho-plugins/repository-utils/0.0.1-SNAPSHOT/repository-utils-0.0.1-SNAPSHOT.jar
7f6681ee7000-7f6681ee9000 r--s 0000d000 08:03 49943491                   /home/eskimo/Projects/jbds/.m2/jbosstools-submodules/keplerm5/org/codehaus/plexus/plexus-interpolation/1.13/plexus-interpolation-1.13.jar
7f6681ee9000-7f6681eed000 r--s 00034000 08:03 49943492                   /home/eskimo/Projects/jbds/.m2/jbosstools-submodules/keplerm5/org/codehaus/plexus/plexus-utils/3.0/plexus-utils-3.0.jar
7f6681eed000-7f6681ef0000 r--s 0000c000 08:03 49943494                   /home/eskimo/Projects/jbds/.m2/jbosstools-submodules/keplerm5/org/codehaus/plexus/plexus-io/2.0.1/plexus-io-2.0.1.jar
7f6681ef0000-7f6681ef4000 r--s 00028000 08:03 49943493                   /home/eskimo/Projects/jbds/.m2/jbosstools-submodules/keplerm5/org/codehaus/plexus/plexus-archiver/2.0.1/plexus-archiver-2.0.1.jar
7f6681ef4000-7f6681ef5000 r--s 00004000 08:03 49943490                   /home/eskimo/Projects/jbds/.m2/jbosstools-submodules/keplerm5/org/apache/maven/maven-archiver/2.4.2/maven-archiver-2.4.2.jar
7f6681ef5000-7f6681ef7000 r--s 00002000 08:03 49943340                   /home/eskimo/Projects/jbds/.m2/jbosstools-submodules/keplerm5/org/eclipse/tycho/extras/tycho-source-feature-plugin/0.16.0/tycho-source-feature-plugin-0.16.0.jar
7f6681ef7000-7f6681efc000 r--s 0004a000 08:03 49940618                   /home/eskimo/Projects/jbds/.m2/jbosstools-submodules/keplerm5/org/ow2/asm/asm-debug-all/4.0/asm-debug-all-4.0.jar
7f6681efc000-7f6681efe000 r--s 00003000 08:03 49940616                   /home/eskimo/Projects/jbds/.m2/jbosstools-submodules/keplerm5/org/eclipse/tycho/tycho-artifactcomparator/0.16.0/tycho-artifactcomparator-0.16.0.jar
7f6681efe000-7f6681eff000 r--s 00006000 08:03 49940614                   /home/eskimo/Projects/jbds/.m2/jbosstools-submodules/keplerm5/org/eclipse/tycho/sisu-equinox-launching/0.16.0/sisu-equinox-launching-0.16.0.jar
7f6681eff000-7f6681f00000 r--s 00005000 08:03 49813670                   /home/eskimo/Projects/jbds/.m2/jbosstools-submodules/keplerm5/org/eclipse/tycho/tycho-p2-plugin/0.16.0/tycho-p2-plugin-0.16.0.jar
7f6681f00000-7f6681f02000 r--s 00018000 08:03 49812203                   /home/eskimo/Projects/jbds/.m2/jbosstools-submodules/keplerm5/org/eclipse/tycho/tycho-packaging-plugin/0.16.0/tycho-packaging-plugin-0.16.0.jar
7f6681f02000-7f6681f04000 r--s 00004000 08:03 49813597                   /home/eskimo/Projects/jbds/.m2/jbosstools-submodules/keplerm5/org/apache/maven/maven-archiver/2.5/maven-archiver-2.5.jar
7f6681f04000-7f6681f05000 r--s 00005000 08:03 49813595                   /home/eskimo/Projects/jbds/.m2/jbosstools-submodules/keplerm5/org/apache/maven/plugins/maven-source-plugin/2.1/maven-source-plugin-2.1.jar
7f6681f05000-7f6681f07000 r--s 00003000 08:03 49813547                   /home/eskimo/Projects/jbds/.m2/jbosstools-submodules/keplerm5/org/eclipse/tycho/tycho-source-plugin/0.16.0/tycho-source-plugin-0.16.0.jar
7f6681f07000-7f6681f0a000 ---p 00000000 00:00 0 
7f6681f0a000-7f6682008000 rw-p 00000000 00:00 0                          [stack:25729]
7f6682008000-7f668200a000 r--s 00013000 08:02 5506167                    /usr/lib/jvm/java-6-openjdk-common/jre/lib/jce.jar
7f668200a000-7f668200c000 r--s 00002000 08:03 49810165                   /home/eskimo/Projects/jbds/.m2/jbosstools-submodules/keplerm5/org/eclipse/tycho/tycho-bundles-external/0.16.0/eclipse/plugins/org.eclipse.core.runtime.compatibility.registry_3.5.100.v20120912-175931/runtime_registry_compatibility.jar
7f668200c000-7f668200f000 ---p 00000000 00:00 0 
7f668200f000-7f668210d000 rw-p 00000000 00:00 0                          [stack:25728]
7f668210d000-7f6682110000 ---p 00000000 00:00 0 
7f6682110000-7f668220e000 rw-p 00000000 00:00 0                          [stack:25727]
7f668220e000-7f6682210000 r--s 00007000 08:03 49812195                   /home/eskimo/Projects/jbds/.m2/jbosstools-submodules/keplerm5/org/eclipse/tycho/org.eclipse.tycho.p2.tools.impl/0.16.0/org.eclipse.tycho.p2.tools.impl-0.16.0.jar
7f6682210000-7f6682213000 ---p 00000000 00:00 0 
7f6682213000-7f6682311000 rw-p 00000000 00:00 0                          [stack:25725]
7f6682311000-7f6682314000 ---p 00000000 00:00 0 
7f6682314000-7f6682412000 rw-p 00000000 00:00 0                          [stack:25724]
7f6682412000-7f6682415000 ---p 00000000 00:00 0 
7f6682415000-7f6682513000 rw-p 00000000 00:00 0                          [stack:25723]
7f6682513000-7f668251b000 r-xp 00000000 08:02 5384650                    /usr/lib/jvm/java-6-openjdk-amd64/jre/lib/amd64/libnio.so
7f668251b000-7f668271a000 ---p 00008000 08:02 5384650                    /usr/lib/jvm/java-6-openjdk-amd64/jre/lib/amd64/libnio.so
7f668271a000-7f668271b000 r--p 00007000 08:02 5384650                    /usr/lib/jvm/java-6-openjdk-amd64/jre/lib/amd64/libnio.so
7f668271b000-7f668271c000 rw-p 00008000 08:02 5384650                    /usr/lib/jvm/java-6-openjdk-amd64/jre/lib/amd64/libnio.so
7f668271c000-7f6682731000 r-xp 00000000 08:02 5384654                    /usr/lib/jvm/java-6-openjdk-amd64/jre/lib/amd64/libnet.so
7f6682731000-7f6682930000 ---p 00015000 08:02 5384654                    /usr/lib/jvm/java-6-openjdk-amd64/jre/lib/amd64/libnet.so
7f6682930000-7f6682931000 r--p 00014000 08:02 5384654                    /usr/lib/jvm/java-6-openjdk-amd64/jre/lib/amd64/libnet.so
7f6682931000-7f6682932000 rw-p 00015000 08:02 5384654                    /usr/lib/jvm/java-6-openjdk-amd64/jre/lib/amd64/libnet.so
7f6682932000-7f6682935000 ---p 00000000 00:00 0 
7f6682935000-7f6682a33000 rw-p 00000000 00:00 0                          [stack:25722]
7f6682a33000-7f6682a35000 r--s 00000000 08:02 4990097                    /usr/share/java/plexus-component-annotations-1.5-1.5.5.jar
7f6682a35000-7f6682a3b000 r--s 000fc000 08:02 5509853                    /usr/lib/jvm/java-6-openjdk-common/jre/lib/resources.jar
7f6682a3b000-7f6682a3e000 r--s 00013000 08:02 9306832                    /usr/share/maven-repo/org/sonatype/aether/aether-api/1.13.1/aether-api-1.13.1.jar
7f6682a3e000-7f6682a40000 r--s 0000a000 08:02 4991084                    /usr/share/java/wagon-provider-api-2.x.jar
7f6682a40000-7f6682a42000 r--s 00008000 08:02 6948140                    /usr/share/maven/lib/maven-embedder-3.0.4.jar
7f6682a42000-7f6682a46000 r--s 0001c000 08:02 9306815                    /usr/share/maven-repo/org/sonatype/aether/aether-util/1.13.1/aether-util-1.13.1.jar
7f6682a46000-7f6682a47000 r--s 00006000 08:02 4989291                    /usr/share/java/plexus-sec-dispatcher.jar
7f6682a47000-7f6682a49000 r--s 00009000 08:02 6947712                    /usr/share/maven/lib/maven-plugin-api-3.0.4.jar
7f6682a49000-7f6682a4b000 r--s 00005000 08:02 6948040                    /usr/share/maven/lib/maven-repository-metadata-3.0.4.jar
7f6682a4b000-7f6682a4c000 r--s 00001000 08:02 4990223                    /usr/share/java/wagon-file-2.x.jar
7f6682a4c000-7f6682a4e000 r--s 00006000 08:02 9306850                    /usr/share/maven-repo/org/sonatype/aether/aether-connector-wagon/1.13.1/aether-connector-wagon-1.13.1.jar
7f6682a4e000-7f6682a50000 r--s 00003000 08:02 4986645                    /usr/share/java/jsr305-0.1~+svn49.jar
7f6682a50000-7f6682a70000 r--s 00140000 08:02 4986797                    /usr/share/java/guava-11.0.2.jar
7f6682a70000-7f6682a7c000 r--s 00082000 08:02 4990220                    /usr/share/java/sisu-guice.jar
7f6682a7c000-7f6682a7e000 r--s 00007000 08:02 4986086                    /usr/share/java/commons-cli-1.2.jar
7f6682a7e000-7f6682a82000 r--s 00033000 08:02 4990094                    /usr/share/java/plexus-utils2-2.0.5.jar
7f6682a82000-7f6682a88000 r--s 0002c000 08:02 4990136                    /usr/share/java/sisu-inject-plexus.jar
7f6682a88000-7f6682aa0000 r--s 000d6000 08:02 4991085                    /usr/share/java/wagon-http-shaded-2.x.jar
7f6682aa0000-7f6682aac000 r--s 0007c000 08:02 6948142                    /usr/share/maven/lib/maven-core-3.0.4.jar
7f6682aac000-7f6682aae000 r--s 0000c000 08:02 4984223                    /usr/share/java/commons-logging-1.1.1.jar
7f6682aae000-7f6682ab4000 r--s 00034000 08:02 4986114                    /usr/share/java/commons-codec-1.6.jar
7f6682ab4000-7f6682aba000 r--s 00045000 08:02 4986223                    /usr/share/java/commons-httpclient-3.1.jar
7f6682aba000-7f6682abc000 r--s 00009000 08:02 6948754                    /usr/share/maven/lib/maven-settings-3.0.4.jar
7f6682abc000-7f6682ac2000 r--s 0003e000 08:02 6948767                    /usr/share/maven/lib/maven-compat-3.0.4.jar
7f6682ac2000-7f6682ac4000 r--s 0000a000 08:02 6948222                    /usr/share/maven/lib/maven-artifact-3.0.4.jar
7f6682ac4000-7f6682ac6000 r--s 00025000 08:02 6948763                    /usr/share/maven/lib/maven-model-3.0.4.jar
7f6682ac6000-7f6682ac8000 r--s 00007000 08:02 6948769                    /usr/share/maven/lib/maven-settings-builder-3.0.4.jar
7f6682ac8000-7f6682aca000 r--s 00002000 08:02 4989398                    /usr/share/java/plexus-cipher.jar
7f6682aca000-7f6682acb000 r--s 00003000 08:02 9306827                    /usr/share/maven-repo/org/sonatype/aether/aether-spi/1.13.1/aether-spi-1.13.1.jar
7f6682acb000-7f6682acd000 r--s 0000b000 08:02 8783843                    /usr/share/maven-repo/org/codehaus/plexus/plexus-interpolation/1.11/plexus-interpolation-1.11.jar
7f6682acd000-7f6682acf000 r--s 0000b000 08:02 6948746                    /usr/share/maven/lib/maven-aether-provider-3.0.4.jar
7f6682acf000-7f6682ad2000 r--s 0001d000 08:02 9306844                    /usr/share/maven-repo/org/sonatype/aether/aether-impl/1.13.1/aether-impl-1.13.1.jar
7f6682ad2000-7f6682ad6000 r--s 00020000 08:02 6947714                    /usr/share/maven/lib/maven-model-builder-3.0.4.jar
7f6682ad6000-7f6682add000 r--s 00040000 08:02 4990128                    /usr/share/java/sisu-inject-bean.jar
7f6682add000-7f6682ae0000 r--s 0007f000 08:02 5506157                    /usr/lib/jvm/java-6-openjdk-common/jre/lib/jsse.jar
7f6682ae0000-7f6682ae2000 r--s 0000a000 08:02 4986062                    /usr/share/java/plexus-classworlds2-2.4.jar
7f6682ae2000-7f6682ae4000 r--s 0000f000 08:02 5509849                    /usr/lib/jvm/java-6-openjdk-common/jre/lib/ext/pulse-java.jar
7f6682ae4000-7f6682ae6000 r--s 00006000 08:02 4983200                    /usr/share/java/java-atk-wrapper.jar
7f6682ae6000-7f6682ae9000 r--s 00031000 08:02 5509848                    /usr/lib/jvm/java-6-openjdk-common/jre/lib/ext/sunjce_provider.jar
7f6682ae9000-7f6682aec000 r--s 00077000 08:02 5509852                    /usr/lib/jvm/java-6-openjdk-common/jre/lib/ext/localedata.jar
7f6682aec000-7f6682aee000 r--s 00001000 08:02 5509851                    /usr/lib/jvm/java-6-openjdk-common/jre/lib/ext/dnsns.jar
7f6682aee000-7f6682af2000 r--s 00039000 08:02 5509850                    /usr/lib/jvm/java-6-openjdk-common/jre/lib/ext/sunpkcs11.jar
7f6682af2000-7f6682af3000 ---p 00000000 00:00 0 
7f6682af3000-7f6682bf3000 rw-p 00000000 00:00 0                          [stack:25719]
7f6682bf3000-7f6682bf6000 ---p 00000000 00:00 0 
7f6682bf6000-7f6682cf4000 rw-p 00000000 00:00 0                          [stack:25718]
7f6682cf4000-7f6682cf7000 ---p 00000000 00:00 0 
7f6682cf7000-7f6682df5000 rw-p 00000000 00:00 0                          [stack:25717]
7f6682df5000-7f6682df8000 ---p 00000000 00:00 0 
7f6682df8000-7f6682ef6000 rw-p 00000000 00:00 0                          [stack:25716]
7f6682ef6000-7f6682ef9000 ---p 00000000 00:00 0 
7f6682ef9000-7f6682ff7000 rw-p 00000000 00:00 0                          [stack:25715]
7f6682ff7000-7f66833f4000 r--p 00000000 08:02 4588943                    /usr/lib/locale/locale-archive
7f66833f4000-7f66833f7000 ---p 00000000 00:00 0 
7f66833f7000-7f66834f5000 rw-p 00000000 00:00 0                          [stack:25714]
7f66834f5000-7f66834f8000 ---p 00000000 00:00 0 
7f66834f8000-7f66835f6000 rw-p 00000000 00:00 0                          [stack:25713]
7f66835f6000-7f66835f7000 ---p 00000000 00:00 0 
7f66835f7000-7f6684000000 rw-p 00000000 00:00 0                          [stack:25712]
7f6684000000-7f6684021000 rw-p 00000000 00:00 0 
7f6684021000-7f6688000000 ---p 00000000 00:00 0 
7f6688001000-7f6688004000 r--s 00012000 08:03 49812188                   /home/eskimo/Projects/jbds/.m2/jbosstools-submodules/keplerm5/org/eclipse/tycho/org.eclipse.tycho.p2.maven.repository/0.16.0/org.eclipse.tycho.p2.maven.repository-0.16.0.jar
7f6688004000-7f6688008000 r--s 00029000 08:03 49812183                   /home/eskimo/Projects/jbds/.m2/jbosstools-submodules/keplerm5/org/eclipse/tycho/org.eclipse.tycho.p2.resolver.impl/0.16.0/org.eclipse.tycho.p2.resolver.impl-0.16.0.jar
7f6688008000-7f668800b000 r--s 0000a000 08:03 49810167                   /home/eskimo/Projects/jbds/.m2/jbosstools-submodules/keplerm5/org/eclipse/tycho/tycho-bundles-external/0.16.0/eclipse/plugins/org.eclipse.ecf.filetransfer_5.0.0.v20120610-1946.jar
7f668800b000-7f668800e000 r--s 0001c000 08:03 49810051                   /home/eskimo/Projects/jbds/.m2/jbosstools-submodules/keplerm5/org/eclipse/tycho/tycho-bundles-external/0.16.0/eclipse/plugins/org.eclipse.equinox.p2.touchpoint.eclipse_2.1.100.v20120428-0117.jar
7f668800e000-7f6688010000 r--s 00011000 08:03 49810166                   /home/eskimo/Projects/jbds/.m2/jbosstools-submodules/keplerm5/org/eclipse/tycho/tycho-bundles-external/0.16.0/eclipse/plugins/org.eclipse.core.runtime_3.8.0.v20120912-155025.jar
7f6688010000-7f6688012000 r--s 00010000 08:03 49810077                   /home/eskimo/Projects/jbds/.m2/jbosstools-submodules/keplerm5/org/eclipse/tycho/tycho-bundles-external/0.16.0/eclipse/plugins/org.eclipse.equinox.p2.core_2.2.0.v20120430-0525.jar
7f6688012000-7f6688014000 r--s 00015000 08:03 49810152                   /home/eskimo/Projects/jbds/.m2/jbosstools-submodules/keplerm5/org/eclipse/tycho/tycho-bundles-external/0.16.0/eclipse/plugins/org.eclipse.core.jobs_3.5.300.v20120912-155018.jar
7f6688014000-7f6688016000 r--s 00010000 08:03 49810151                   /home/eskimo/Projects/jbds/.m2/jbosstools-submodules/keplerm5/org/eclipse/tycho/tycho-bundles-external/0.16.0/eclipse/plugins/org.eclipse.core.net_1.2.200.v20120522-1148.jar
7f6688016000-7f668801c000 r--s 00049000 08:03 49810155                   /home/eskimo/Projects/jbds/.m2/jbosstools-submodules/keplerm5/org/eclipse/tycho/tycho-bundles-external/0.16.0/eclipse/plugins/org.apache.commons.httpclient_3.1.0.v201012070820.jar
7f668801c000-7f668801d000 r--s 00009000 08:03 49810023                   /home/eskimo/Projects/jbds/.m2/jbosstools-submodules/keplerm5/org/eclipse/tycho/tycho-bundles-external/0.16.0/eclipse/plugins/org.eclipse.equinox.simpleconfigurator_1.0.400.v20120828-033824.jar
7f668801d000-7f6688021000 r--s 00036000 08:03 49810054                   /home/eskimo/Projects/jbds/.m2/jbosstools-submodules/keplerm5/org/eclipse/tycho/tycho-bundles-external/0.16.0/eclipse/plugins/org.eclipse.equinox.p2.repository.tools_2.0.100.v20120501-1314.jar
7f6688021000-7f6688022000 r--s 00008000 08:03 49810141                   /home/eskimo/Projects/jbds/.m2/jbosstools-submodules/keplerm5/org/eclipse/tycho/tycho-bundles-external/0.16.0/eclipse/plugins/org.eclipse.equinox.frameworkadmin_2.0.100.v20120606-175127.jar
7f6688022000-7f6688025000 r--s 00013000 08:03 49812177                   /home/eskimo/Projects/jbds/.m2/jbosstools-submodules/keplerm5/org/eclipse/tycho/tycho-bundles-external/0.16.0/eclipse/plugins/org.eclipse.equinox.app_1.3.100.v20120522-1841.jar
7f6688025000-7f6688027000 r--s 00009000 08:03 49810046                   /home/eskimo/Projects/jbds/.m2/jbosstools-submodules/keplerm5/org/eclipse/tycho/tycho-bundles-external/0.16.0/eclipse/plugins/org.eclipse.equinox.p2.transport.ecf_1.0.100.v20120807-073013.jar
7f6688027000-7f668802a000 r--s 00018000 08:03 49812178                   /home/eskimo/Projects/jbds/.m2/jbosstools-submodules/keplerm5/org/eclipse/tycho/tycho-bundles-external/0.16.0/eclipse/plugins/org.eclipse.equinox.common_3.6.100.v20120522-1841.jar
7f668802a000-7f6688032000 r--s 0004c000 08:03 49810062                   /home/eskimo/Projects/jbds/.m2/jbosstools-submodules/keplerm5/org/eclipse/tycho/tycho-bundles-external/0.16.0/eclipse/plugins/org.eclipse.equinox.p2.metadata_2.1.100.v20120904-161731.jar
7f6688032000-7f6688035000 r--s 0002a000 08:03 49810037                   /home/eskimo/Projects/jbds/.m2/jbosstools-submodules/keplerm5/org/eclipse/tycho/tycho-bundles-external/0.16.0/eclipse/plugins/org.eclipse.equinox.registry_3.5.300.v20120731-134527.jar
7f6688035000-7f6688039000 r--s 0001d000 08:03 49810053                   /home/eskimo/Projects/jbds/.m2/jbosstools-submodules/keplerm5/org/eclipse/tycho/tycho-bundles-external/0.16.0/eclipse/plugins/org.eclipse.equinox.p2.repository_2.2.100.v20120907-044140.jar
7f6688039000-7f668803c000 r--s 00032000 08:03 49810059                   /home/eskimo/Projects/jbds/.m2/jbosstools-submodules/keplerm5/org/eclipse/tycho/tycho-bundles-external/0.16.0/eclipse/plugins/org.eclipse.equinox.p2.publisher.eclipse_1.1.0.v20120928-163700.jar
7f668803c000-7f668803f000 r--s 0001a000 08:03 49810063                   /home/eskimo/Projects/jbds/.m2/jbosstools-submodules/keplerm5/org/eclipse/tycho/tycho-bundles-external/0.16.0/eclipse/plugins/org.eclipse.equinox.p2.metadata.repository_1.2.100.v20120928-180332.jar
7f668803f000-7f6688040000 r--s 00004000 08:03 49812169                   /home/eskimo/Projects/jbds/.m2/jbosstools-submodules/keplerm5/org/eclipse/tycho/tycho-bundles-external/0.16.0/eclipse/plugins/org.eclipse.ecf.provider.filetransfer.httpclient.ssl_1.0.0.v20120610-1946.jar
7f6688040000-7f6688042000 r--s 00016000 08:03 49810072                   /home/eskimo/Projects/jbds/.m2/jbosstools-submodules/keplerm5/org/eclipse/tycho/tycho-bundles-external/0.16.0/eclipse/plugins/org.eclipse.equinox.p2.director_2.2.0.v20120524-0542.jar
7f6688042000-7f6688044000 r--s 0000e000 08:03 49812181                   /home/eskimo/Projects/jbds/.m2/jbosstools-submodules/keplerm5/org/eclipse/tycho/tycho-bundles-external/0.16.0/eclipse/plugins/org.eclipse.equinox.frameworkadmin.equinox_1.0.400.v20120428-0117.jar
7f6688044000-7f6688047000 r--s 0001f000 08:03 49810135                   /home/eskimo/Projects/jbds/.m2/jbosstools-submodules/keplerm5/org/eclipse/tycho/tycho-bundles-external/0.16.0/eclipse/plugins/org.eclipse.equinox.p2.artifact.repository_1.1.200.v20120928-180332.jar
7f6688047000-7f668804a000 r--s 00014000 08:03 49812175                   /home/eskimo/Projects/jbds/.m2/jbosstools-submodules/keplerm5/org/eclipse/tycho/tycho-bundles-external/0.16.0/eclipse/plugins/org.eclipse.ecf_3.1.300.v20120610-1946.jar
7f668804a000-7f668804c000 r--s 0000b000 08:03 49810073                   /home/eskimo/Projects/jbds/.m2/jbosstools-submodules/keplerm5/org/eclipse/tycho/tycho-bundles-external/0.16.0/eclipse/plugins/org.eclipse.equinox.p2.director.app_1.0.300.v20120428-0517.jar
7f668804c000-7f668804d000 r--s 00005000 08:03 49810033                   /home/eskimo/Projects/jbds/.m2/jbosstools-submodules/keplerm5/org/eclipse/tycho/tycho-bundles-external/0.16.0/eclipse/plugins/org.eclipse.equinox.simpleconfigurator.manipulator_2.0.0.v20110808-1657.jar
7f668804d000-7f6688050000 r--s 00010000 08:03 49812170                   /home/eskimo/Projects/jbds/.m2/jbosstools-submodules/keplerm5/org/eclipse/tycho/tycho-bundles-external/0.16.0/eclipse/plugins/org.eclipse.ecf.provider.filetransfer.httpclient_4.0.200.v20120610-1946.jar
7f6688050000-7f6688051000 r--s 00002000 08:03 49812171                   /home/eskimo/Projects/jbds/.m2/jbosstools-submodules/keplerm5/org/eclipse/tycho/tycho-bundles-external/0.16.0/eclipse/plugins/org.eclipse.ecf.provider.filetransfer.ssl_1.0.0.v20120610-1946.jar
7f6688051000-7f6688053000 r--s 00004000 08:03 49812179                   /home/eskimo/Projects/jbds/.m2/jbosstools-submodules/keplerm5/org/eclipse/tycho/tycho-bundles-external/0.16.0/eclipse/plugins/org.eclipse.equinox.concurrent_1.0.300.v20120912-125810.jar
7f6688053000-7f6688055000 r--s 0000c000 08:03 49810169                   /home/eskimo/Projects/jbds/.m2/jbosstools-submodules/keplerm5/org/eclipse/tycho/tycho-bundles-external/0.16.0/eclipse/plugins/org.eclipse.ecf.identity_3.1.200.v20120610-1946.jar
7f6688055000-7f6688058000 r--s 00012000 08:03 49810014                   /home/eskimo/Projects/jbds/.m2/jbosstools-submodules/keplerm5/org/eclipse/tycho/tycho-bundles-external/0.16.0/eclipse/plugins/org.eclipse.osgi.services_3.3.100.v20120522-1822.jar
7f6688058000-7f668805c000 r--s 0002d000 08:03 49810069                   /home/eskimo/Projects/jbds/.m2/jbosstools-submodules/keplerm5/org/eclipse/tycho/tycho-bundles-external/0.16.0/eclipse/plugins/org.eclipse.equinox.p2.engine_2.2.0.v20120501-1502.jar
7f668805c000-7f668805f000 r--s 00018000 08:03 49810035                   /home/eskimo/Projects/jbds/.m2/jbosstools-submodules/keplerm5/org/eclipse/tycho/tycho-bundles-external/0.16.0/eclipse/plugins/org.eclipse.equinox.security_1.1.100.v20120522-1841.jar
7f668805f000-7f6688061000 r--s 0000f000 08:03 49810065                   /home/eskimo/Projects/jbds/.m2/jbosstools-submodules/keplerm5/org/eclipse/tycho/tycho-bundles-external/0.16.0/eclipse/plugins/org.eclipse.equinox.p2.jarprocessor_1.0.200.v20121001-214428.jar
7f6688061000-7f6688063000 r--s 00000000 08:03 49810009                   /home/eskimo/Projects/jbds/.m2/jbosstools-submodules/keplerm5/org/eclipse/tycho/tycho-bundles-external/0.16.0/eclipse/plugins/org.eclipse.tycho.noopsecurity_0.16.0.jar
7f6688063000-7f6688066000 r--s 00011000 08:03 49810016                   /home/eskimo/Projects/jbds/.m2/jbosstools-submodules/keplerm5/org/eclipse/tycho/tycho-bundles-external/0.16.0/eclipse/plugins/org.eclipse.equinox.util_1.0.400.v20120917-191249.jar
7f6688066000-7f6688069000 r--s 00018000 08:03 49810058                   /home/eskimo/Projects/jbds/.m2/jbosstools-submodules/keplerm5/org/eclipse/tycho/tycho-bundles-external/0.16.0/eclipse/plugins/org.eclipse.equinox.p2.publisher_1.3.0.v20121001-160038.jar
7f6688069000-7f668806b000 r--s 00002000 08:03 49812173                   /home/eskimo/Projects/jbds/.m2/jbosstools-submodules/keplerm5/org/eclipse/tycho/tycho-bundles-external/0.16.0/eclipse/plugins/org.eclipse.ecf.ssl_1.0.100.v20120610-1946.jar
7f668806b000-7f6688070000 r--s 0002f000 08:03 49810005                   /home/eskimo/Projects/jbds/.m2/jbosstools-submodules/keplerm5/org/eclipse/tycho/tycho-bundles-external/0.16.0/eclipse/plugins/org.sat4j.core_2.3.0.v20110329.jar
7f6688070000-7f6688072000 r--s 0000c000 08:03 49810161                   /home/eskimo/Projects/jbds/.m2/jbosstools-submodules/keplerm5/org/eclipse/tycho/tycho-bundles-external/0.16.0/eclipse/plugins/org.apache.commons.codec_1.3.0.v201101211617.jar
7f6688072000-7f6688074000 r--s 0000a000 08:03 49810154                   /home/eskimo/Projects/jbds/.m2/jbosstools-submodules/keplerm5/org/eclipse/tycho/tycho-bundles-external/0.16.0/eclipse/plugins/org.apache.commons.logging_1.0.4.v201101211617.jar
7f6688074000-7f6688077000 r--s 0002d000 08:03 49812180                   /home/eskimo/Projects/jbds/.m2/jbosstools-submodules/keplerm5/org/eclipse/tycho/tycho-bundles-external/0.16.0/eclipse/plugins/org.eclipse.equinox.ds_1.4.100.v20120924-143455.jar
7f6688077000-7f668807b000 r--s 0001f000 08:03 49810004                   /home/eskimo/Projects/jbds/.m2/jbosstools-submodules/keplerm5/org/eclipse/tycho/tycho-bundles-external/0.16.0/eclipse/plugins/org.sat4j.pb_2.3.0.v20110329.jar
7f668807b000-7f668807d000 r--s 00005000 08:03 49810066                   /home/eskimo/Projects/jbds/.m2/jbosstools-submodules/keplerm5/org/eclipse/tycho/tycho-bundles-external/0.16.0/eclipse/plugins/org.eclipse.equinox.p2.garbagecollector_1.0.200.v20110808-1657.jar
7f668807d000-7f668807f000 r--s 0000b000 08:03 49810140                   /home/eskimo/Projects/jbds/.m2/jbosstools-submodules/keplerm5/org/eclipse/tycho/tycho-bundles-external/0.16.0/eclipse/plugins/org.eclipse.equinox.launcher_1.3.0.v20120522-1813.jar
7f668807f000-7f6688083000 r--s 0001c000 08:03 49810038                   /home/eskimo/Projects/jbds/.m2/jbosstools-submodules/keplerm5/org/eclipse/tycho/tycho-bundles-external/0.16.0/eclipse/plugins/org.eclipse.equinox.preferences_3.5.0.v20120918-182152.jar
7f6688083000-7f6688087000 r--s 0001c000 08:03 49812172                   /home/eskimo/Projects/jbds/.m2/jbosstools-submodules/keplerm5/org/eclipse/tycho/tycho-bundles-external/0.16.0/eclipse/plugins/org.eclipse.ecf.provider.filetransfer_3.2.0.v20120610-1946.jar
7f6688087000-7f6688089000 r--s 00015000 08:03 49810040                   /home/eskimo/Projects/jbds/.m2/jbosstools-submodules/keplerm5/org/eclipse/tycho/tycho-bundles-external/0.16.0/eclipse/plugins/org.eclipse.equinox.p2.updatesite_1.0.400.v20120907-133925.jar
7f6688089000-7f668808b000 r--s 00003000 08:03 49682253                   /home/eskimo/Projects/jbds/.m2/jbosstools-submodules/keplerm5/org/eclipse/tycho/org.eclipse.tycho.p2.tools.shared/0.16.0/org.eclipse.tycho.p2.tools.shared-0.16.0.jar
7f668808b000-7f668808e000 r--s 00004000 08:03 49682252                   /home/eskimo/Projects/jbds/.m2/jbosstools-submodules/keplerm5/org/eclipse/tycho/org.eclipse.tycho.p2.resolver.shared/0.16.0/org.eclipse.tycho.p2.resolver.shared-0.16.0.jar
7f668808e000-7f6688220000 r--s 037d4000 08:02 5379892                    /usr/lib/jvm/java-6-openjdk-amd64/jre/lib/rt.jar
7f6688220000-7f6688221000 ---p 00000000 00:00 0 
7f6688221000-7f6688321000 rw-p 00000000 00:00 0                          [stack:25711]
7f6688321000-7f6688322000 ---p 00000000 00:00 0 
7f6688322000-7f6688422000 rw-p 00000000 00:00 0                          [stack:25710]
7f6688422000-7f6688423000 ---p 00000000 00:00 0 
7f6688423000-7f6688523000 rw-p 00000000 00:00 0                          [stack:25709]
7f6688523000-7f6688524000 ---p 00000000 00:00 0 
7f6688524000-7f6688624000 rw-p 00000000 00:00 0                          [stack:25708]
7f6688624000-7f6688625000 ---p 00000000 00:00 0 
7f6688625000-7f6688725000 rw-p 00000000 00:00 0                          [stack:25707]
7f6688725000-7f6688726000 ---p 00000000 00:00 0 
7f6688726000-7f66888a4000 rw-p 00000000 00:00 0                          [stack:25706]
7f66888a4000-7f6689000000 rw-p 00000000 00:00 0 
7f6689000000-7f6689550000 rwxp 00000000 00:00 0 
7f6689550000-7f668dc88000 rw-p 00000000 00:00 0 
7f668dc88000-7f6690000000 ---p 00000000 00:00 0 
7f6690000000-7f6690002000 r--s 00015000 08:03 49810153                   /home/eskimo/Projects/jbds/.m2/jbosstools-submodules/keplerm5/org/eclipse/tycho/tycho-bundles-external/0.16.0/eclipse/plugins/org.eclipse.core.contenttype_3.4.200.v20120523-2004.jar
7f6690002000-7f669000d000 r--s 00069000 08:03 49682251                   /home/eskimo/Projects/jbds/.m2/jbosstools-submodules/keplerm5/org/sonatype/sisu/sisu-guice/2.1.7/sisu-guice-2.1.7-noaop.jar
7f669000d000-7f6690012000 r--s 00021000 08:03 49682250                   /home/eskimo/Projects/jbds/.m2/jbosstools-submodules/keplerm5/org/sonatype/sisu/sisu-inject-bean/1.4.2/sisu-inject-bean-1.4.2.jar
7f6690012000-7f6690026000 r--s 00141000 08:03 49682231                   /home/eskimo/Projects/jbds/.m2/jbosstools-submodules/keplerm5/org/eclipse/tycho/org.eclipse.osgi/3.8.1.v20120830-144521/org.eclipse.osgi-3.8.1.v20120830-144521.jar
7f6690026000-7f6690081000 rw-p 00000000 00:00 0 
7f6690081000-7f6690082000 ---p 00000000 00:00 0 
7f6690082000-7f6690182000 rw-p 00000000 00:00 0                          [stack:25705]
7f6690182000-7f6690183000 ---p 00000000 00:00 0 
7f6690183000-7f6690294000 rw-p 00000000 00:00 0                          [stack:25704]
7f6690294000-7f66902d6000 rw-p 00000000 00:00 0 
7f66902d6000-7f66902e7000 rw-p 00000000 00:00 0 
7f66902e7000-7f6690329000 rw-p 00000000 00:00 0 
7f6690329000-7f66903a7000 rw-p 00000000 00:00 0 
7f66903a7000-7f6690b02000 rw-p 00000000 00:00 0 
7f6690b02000-7f6690bd6000 rw-p 00000000 00:00 0 
7f6690bd6000-7f6690eef000 rw-p 00000000 00:00 0 
7f6690eef000-7f6690ef0000 rw-p 00000000 00:00 0 
7f6690ef0000-7f6690ef7000 r-xp 00000000 08:02 5384673                    /usr/lib/jvm/java-6-openjdk-amd64/jre/lib/amd64/libzip.so
7f6690ef7000-7f66910f6000 ---p 00007000 08:02 5384673                    /usr/lib/jvm/java-6-openjdk-amd64/jre/lib/amd64/libzip.so
7f66910f6000-7f66910f7000 r--p 00006000 08:02 5384673                    /usr/lib/jvm/java-6-openjdk-amd64/jre/lib/amd64/libzip.so
7f66910f7000-7f66910f8000 rw-p 00007000 08:02 5384673                    /usr/lib/jvm/java-6-openjdk-amd64/jre/lib/amd64/libzip.so
7f66910f8000-7f6691104000 r-xp 00000000 08:02 6305133                    /lib/x86_64-linux-gnu/libnss_files-2.15.so
7f6691104000-7f6691303000 ---p 0000c000 08:02 6305133                    /lib/x86_64-linux-gnu/libnss_files-2.15.so
7f6691303000-7f6691304000 r--p 0000b000 08:02 6305133                    /lib/x86_64-linux-gnu/libnss_files-2.15.so
7f6691304000-7f6691305000 rw-p 0000c000 08:02 6305133                    /lib/x86_64-linux-gnu/libnss_files-2.15.so
7f6691305000-7f669130f000 r-xp 00000000 08:02 6294771                    /lib/x86_64-linux-gnu/libnss_nis-2.15.so
7f669130f000-7f669150f000 ---p 0000a000 08:02 6294771                    /lib/x86_64-linux-gnu/libnss_nis-2.15.so
7f669150f000-7f6691510000 r--p 0000a000 08:02 6294771                    /lib/x86_64-linux-gnu/libnss_nis-2.15.so
7f6691510000-7f6691511000 rw-p 0000b000 08:02 6294771                    /lib/x86_64-linux-gnu/libnss_nis-2.15.so
7f6691511000-7f6691528000 r-xp 00000000 08:02 6307334                    /lib/x86_64-linux-gnu/libnsl-2.15.so
7f6691528000-7f6691727000 ---p 00017000 08:02 6307334                    /lib/x86_64-linux-gnu/libnsl-2.15.so
7f6691727000-7f6691728000 r--p 00016000 08:02 6307334                    /lib/x86_64-linux-gnu/libnsl-2.15.so
7f6691728000-7f6691729000 rw-p 00017000 08:02 6307334                    /lib/x86_64-linux-gnu/libnsl-2.15.so
7f6691729000-7f669172b000 rw-p 00000000 00:00 0 
7f669172b000-7f6691733000 r-xp 00000000 08:02 6305136                    /lib/x86_64-linux-gnu/libnss_compat-2.15.so
7f6691733000-7f6691932000 ---p 00008000 08:02 6305136                    /lib/x86_64-linux-gnu/libnss_compat-2.15.so
7f6691932000-7f6691933000 r--p 00007000 08:02 6305136                    /lib/x86_64-linux-gnu/libnss_compat-2.15.so
7f6691933000-7f6691934000 rw-p 00008000 08:02 6305136                    /lib/x86_64-linux-gnu/libnss_compat-2.15.so
7f6691934000-7f6691961000 r-xp 00000000 08:02 5384661                    /usr/lib/jvm/java-6-openjdk-amd64/jre/lib/amd64/libjava.so
7f6691961000-7f6691b61000 ---p 0002d000 08:02 5384661                    /usr/lib/jvm/java-6-openjdk-amd64/jre/lib/amd64/libjava.so
7f6691b61000-7f6691b62000 r--p 0002d000 08:02 5384661                    /usr/lib/jvm/java-6-openjdk-amd64/jre/lib/amd64/libjava.so
7f6691b62000-7f6691b65000 rw-p 0002e000 08:02 5384661                    /usr/lib/jvm/java-6-openjdk-amd64/jre/lib/amd64/libjava.so
7f6691b65000-7f6691b74000 r-xp 00000000 08:02 5384660                    /usr/lib/jvm/java-6-openjdk-amd64/jre/lib/amd64/libverify.so
7f6691b74000-7f6691d73000 ---p 0000f000 08:02 5384660                    /usr/lib/jvm/java-6-openjdk-amd64/jre/lib/amd64/libverify.so
7f6691d73000-7f6691d75000 r--p 0000e000 08:02 5384660                    /usr/lib/jvm/java-6-openjdk-amd64/jre/lib/amd64/libverify.so
7f6691d75000-7f6691d76000 rw-p 00010000 08:02 5384660                    /usr/lib/jvm/java-6-openjdk-amd64/jre/lib/amd64/libverify.so
7f6691d76000-7f6691d7d000 r-xp 00000000 08:02 6294766                    /lib/x86_64-linux-gnu/librt-2.15.so
7f6691d7d000-7f6691f7c000 ---p 00007000 08:02 6294766                    /lib/x86_64-linux-gnu/librt-2.15.so
7f6691f7c000-7f6691f7d000 r--p 00006000 08:02 6294766                    /lib/x86_64-linux-gnu/librt-2.15.so
7f6691f7d000-7f6691f7e000 rw-p 00007000 08:02 6294766                    /lib/x86_64-linux-gnu/librt-2.15.so
7f6691f7e000-7f6691f93000 r-xp 00000000 08:02 6294698                    /lib/x86_64-linux-gnu/libgcc_s.so.1
7f6691f93000-7f6692192000 ---p 00015000 08:02 6294698                    /lib/x86_64-linux-gnu/libgcc_s.so.1
7f6692192000-7f6692193000 r--p 00014000 08:02 6294698                    /lib/x86_64-linux-gnu/libgcc_s.so.1
7f6692193000-7f6692194000 rw-p 00015000 08:02 6294698                    /lib/x86_64-linux-gnu/libgcc_s.so.1
7f6692194000-7f669228f000 r-xp 00000000 08:02 6305128                    /lib/x86_64-linux-gnu/libm-2.15.so
7f669228f000-7f669248e000 ---p 000fb000 08:02 6305128                    /lib/x86_64-linux-gnu/libm-2.15.so
7f669248e000-7f669248f000 r--p 000fa000 08:02 6305128                    /lib/x86_64-linux-gnu/libm-2.15.so
7f669248f000-7f6692490000 rw-p 000fb000 08:02 6305128                    /lib/x86_64-linux-gnu/libm-2.15.so
7f6692490000-7f6692575000 r-xp 00000000 08:02 4594686                    /usr/lib/x86_64-linux-gnu/libstdc++.so.6.0.17
7f6692575000-7f6692774000 ---p 000e5000 08:02 4594686                    /usr/lib/x86_64-linux-gnu/libstdc++.so.6.0.17
7f6692774000-7f669277c000 r--p 000e4000 08:02 4594686                    /usr/lib/x86_64-linux-gnu/libstdc++.so.6.0.17
7f669277c000-7f669277e000 rw-p 000ec000 08:02 4594686                    /usr/lib/x86_64-linux-gnu/libstdc++.so.6.0.17
7f669277e000-7f6692793000 rw-p 00000000 00:00 0 
7f6692793000-7f66930b1000 r-xp 00000000 08:02 5636551                    /usr/lib/jvm/java-6-openjdk-amd64/jre/lib/amd64/server/libjvm.so
7f66930b1000-7f66932b1000 ---p 0091e000 08:02 5636551                    /usr/lib/jvm/java-6-openjdk-amd64/jre/lib/amd64/server/libjvm.so
7f66932b1000-7f6693331000 r--p 0091e000 08:02 5636551                    /usr/lib/jvm/java-6-openjdk-amd64/jre/lib/amd64/server/libjvm.so
7f6693331000-7f669334c000 rw-p 0099e000 08:02 5636551                    /usr/lib/jvm/java-6-openjdk-amd64/jre/lib/amd64/server/libjvm.so
7f669334c000-7f6693375000 rw-p 00000000 00:00 0 
7f6693375000-7f669338b000 r-xp 00000000 08:02 6294645                    /lib/x86_64-linux-gnu/libz.so.1.2.7
7f669338b000-7f669358a000 ---p 00016000 08:02 6294645                    /lib/x86_64-linux-gnu/libz.so.1.2.7
7f669358a000-7f669358b000 r--p 00015000 08:02 6294645                    /lib/x86_64-linux-gnu/libz.so.1.2.7
7f669358b000-7f669358c000 rw-p 00016000 08:02 6294645                    /lib/x86_64-linux-gnu/libz.so.1.2.7
7f669358c000-7f6693741000 r-xp 00000000 08:02 6294423                    /lib/x86_64-linux-gnu/libc-2.15.so
7f6693741000-7f6693940000 ---p 001b5000 08:02 6294423                    /lib/x86_64-linux-gnu/libc-2.15.so
7f6693940000-7f6693944000 r--p 001b4000 08:02 6294423                    /lib/x86_64-linux-gnu/libc-2.15.so
7f6693944000-7f6693946000 rw-p 001b8000 08:02 6294423                    /lib/x86_64-linux-gnu/libc-2.15.so
7f6693946000-7f669394b000 rw-p 00000000 00:00 0 
7f669394b000-7f669394d000 r-xp 00000000 08:02 6294421                    /lib/x86_64-linux-gnu/libdl-2.15.so
7f669394d000-7f6693b4d000 ---p 00002000 08:02 6294421                    /lib/x86_64-linux-gnu/libdl-2.15.so
7f6693b4d000-7f6693b4e000 r--p 00002000 08:02 6294421                    /lib/x86_64-linux-gnu/libdl-2.15.so
7f6693b4e000-7f6693b4f000 rw-p 00003000 08:02 6294421                    /lib/x86_64-linux-gnu/libdl-2.15.so
7f6693b4f000-7f6693b53000 r-xp 00000000 08:02 5636434                    /usr/lib/jvm/java-6-openjdk-amd64/jre/lib/amd64/jli/libjli.so
7f6693b53000-7f6693d52000 ---p 00004000 08:02 5636434                    /usr/lib/jvm/java-6-openjdk-amd64/jre/lib/amd64/jli/libjli.so
7f6693d52000-7f6693d53000 r--p 00003000 08:02 5636434                    /usr/lib/jvm/java-6-openjdk-amd64/jre/lib/amd64/jli/libjli.so
7f6693d53000-7f6693d54000 rw-p 00004000 08:02 5636434                    /usr/lib/jvm/java-6-openjdk-amd64/jre/lib/amd64/jli/libjli.so
7f6693d54000-7f6693d6c000 r-xp 00000000 08:02 6294756                    /lib/x86_64-linux-gnu/libpthread-2.15.so
7f6693d6c000-7f6693f6b000 ---p 00018000 08:02 6294756                    /lib/x86_64-linux-gnu/libpthread-2.15.so
7f6693f6b000-7f6693f6c000 r--p 00017000 08:02 6294756                    /lib/x86_64-linux-gnu/libpthread-2.15.so
7f6693f6c000-7f6693f6d000 rw-p 00018000 08:02 6294756                    /lib/x86_64-linux-gnu/libpthread-2.15.so
7f6693f6d000-7f6693f71000 rw-p 00000000 00:00 0 
7f6693f71000-7f6693f93000 r-xp 00000000 08:02 6305144                    /lib/x86_64-linux-gnu/ld-2.15.so
7f6693f93000-7f6693f94000 r--s 00002000 08:03 50203372                   /home/eskimo/Projects/jbds/.m2/jbosstools-submodules/keplerm5/org/eclipse/tycho/tycho-p2-repository-plugin/0.16.0/tycho-p2-repository-plugin-0.16.0.jar
7f6693f94000-7f6693f96000 r--s 00000000 08:03 49551462                   /home/eskimo/Projects/jbds/.m2/jbosstools-submodules/keplerm5/org/codehaus/plexus/plexus-component-annotations/1.5.5/plexus-component-annotations-1.5.5.jar
7f6693f96000-7f6693f98000 r--s 00007000 08:03 49682247                   /home/eskimo/Projects/jbds/.m2/jbosstools-submodules/keplerm5/org/eclipse/tycho/tycho-p2-facade/0.16.0/tycho-p2-facade-0.16.0.jar
7f6693f98000-7f6693f9a000 r--s 00005000 08:03 49682246                   /home/eskimo/Projects/jbds/.m2/jbosstools-submodules/keplerm5/org/eclipse/tycho/org.eclipse.tycho.core.shared/0.16.0/org.eclipse.tycho.core.shared-0.16.0.jar
7f6693f9a000-7f6693f9b000 r--s 00001000 08:03 49682243                   /home/eskimo/Projects/jbds/.m2/jbosstools-submodules/keplerm5/org/eclipse/tycho/org.eclipse.tycho.embedder.shared/0.16.0/org.eclipse.tycho.embedder.shared-0.16.0.jar
7f6693f9b000-7f6693f9c000 r--s 00001000 08:03 49682241                   /home/eskimo/Projects/jbds/.m2/jbosstools-submodules/keplerm5/org/eclipse/tycho/tycho-embedder-api/0.16.0/tycho-embedder-api-0.16.0.jar
7f6693f9c000-7f6693f9f000 r--s 00019000 08:03 49682239                   /home/eskimo/Projects/jbds/.m2/jbosstools-submodules/keplerm5/de/pdark/decentxml/1.3/decentxml-1.3.jar
7f6693f9f000-7f6693fa0000 r--s 00006000 08:03 49682238                   /home/eskimo/Projects/jbds/.m2/jbosstools-submodules/keplerm5/org/eclipse/tycho/tycho-metadata-model/0.16.0/tycho-metadata-model-0.16.0.jar
7f6693fa0000-7f6693fa1000 r--s 00000000 08:03 49682235                   /home/eskimo/Projects/jbds/.m2/jbosstools-submodules/keplerm5/org/eclipse/tycho/sisu-equinox-api/0.16.0/sisu-equinox-api-0.16.0.jar
7f6693fa1000-7f6693fa3000 r--s 00002000 08:03 49682233                   /home/eskimo/Projects/jbds/.m2/jbosstools-submodules/keplerm5/org/eclipse/tycho/sisu-equinox-embedder/0.16.0/sisu-equinox-embedder-0.16.0.jar
7f6693fa3000-7f6693fb9000 rw-p 00000000 00:00 0 
7f6693fb9000-7f6694063000 rw-p 00000000 00:00 0 
7f6694063000-7f6694066000 ---p 00000000 00:00 0 
7f6694066000-7f6694169000 rw-p 00000000 00:00 0                          [stack:25703]
7f6694169000-7f669416a000 r--s 0000c000 08:03 49810047                   /home/eskimo/Projects/jbds/.m2/jbosstools-submodules/keplerm5/org/eclipse/tycho/tycho-bundles-external/0.16.0/eclipse/plugins/org.eclipse.equinox.p2.touchpoint.natives_1.1.100.v20120906-203549.jar
7f669416a000-7f669416d000 r--s 0000c000 08:03 49682230                   /home/eskimo/Projects/jbds/.m2/jbosstools-submodules/keplerm5/org/codehaus/plexus/plexus-io/2.0.5/plexus-io-2.0.5.jar
7f669416d000-7f6694172000 r--s 00029000 08:03 49682228                   /home/eskimo/Projects/jbds/.m2/jbosstools-submodules/keplerm5/org/codehaus/plexus/plexus-archiver/2.2/plexus-archiver-2.2.jar
7f6694172000-7f6694176000 r--s 00035000 08:03 49551458                   /home/eskimo/Projects/jbds/.m2/jbosstools-submodules/keplerm5/org/codehaus/plexus/plexus-utils/3.0.7/plexus-utils-3.0.7.jar
7f6694176000-7f6694178000 r--s 00002000 08:03 49551453                   /home/eskimo/Projects/jbds/.m2/jbosstools-submodules/keplerm5/org/sonatype/plexus/plexus-cipher/1.4/plexus-cipher-1.4.jar
7f6694178000-7f6694179000 r--s 00006000 08:03 49551456                   /home/eskimo/Projects/jbds/.m2/jbosstools-submodules/keplerm5/org/sonatype/plexus/plexus-sec-dispatcher/1.3/plexus-sec-dispatcher-1.3.jar
7f6694179000-7f669417b000 r--s 0000d000 08:03 49551455                   /home/eskimo/Projects/jbds/.m2/jbosstools-submodules/keplerm5/org/codehaus/plexus/plexus-interpolation/1.14/plexus-interpolation-1.14.jar
7f669417b000-7f669417f000 r--s 00017000 08:03 49682227                   /home/eskimo/Projects/jbds/.m2/jbosstools-submodules/keplerm5/org/sonatype/aether/aether-util/1.7/aether-util-1.7.jar
7f669417f000-7f6694184000 r--s 00028000 08:03 49551454                   /home/eskimo/Projects/jbds/.m2/jbosstools-submodules/keplerm5/org/eclipse/tycho/tycho-core/0.16.0/tycho-core-0.16.0.jar
7f6694184000-7f6694186000 r--s 00000000 08:03 49551451                   /home/eskimo/Projects/jbds/.m2/jbosstools-submodules/keplerm5/org/eclipse/tycho/tycho-maven-plugin/0.16.0/tycho-maven-plugin-0.16.0.jar
7f6694186000-7f6694187000 r--p 00000000 00:00 0 
7f6694187000-7f669418f000 rw-s 00000000 08:02 8916731                    /tmp/hsperfdata_eskimo/25685
7f669418f000-7f6694190000 rw-p 00000000 00:00 0 
7f6694190000-7f6694191000 ---p 00000000 00:00 0 
7f6694191000-7f6694193000 rw-p 00000000 00:00 0 
7f6694193000-7f6694194000 r--p 00022000 08:02 6305144                    /lib/x86_64-linux-gnu/ld-2.15.so
7f6694194000-7f6694196000 rw-p 00023000 08:02 6305144                    /lib/x86_64-linux-gnu/ld-2.15.so
7ffff147c000-7ffff149d000 rw-p 00000000 00:00 0                          [stack]
7ffff15be000-7ffff15bf000 r-xp 00000000 00:00 0                          [vdso]
ffffffffff600000-ffffffffff601000 r-xp 00000000 00:00 0                  [vsyscall]

VM Arguments:
jvm_args: -Dclassworlds.conf=/usr/share/maven/bin/m2.conf -Dmaven.home=/usr/share/maven 
java_command: org.codehaus.plexus.classworlds.launcher.Launcher clean install -Dmaven.repo.local=../.m2/jbosstools-submodules/keplerm5/ -DskipTests -f base/pom.xml
Launcher Type: SUN_STANDARD

Environment Variables:
JAVA_HOME=/usr/lib/jvm/java-6-openjdk-amd64
PATH=/usr/local/sbin:/usr/local/bin:/usr/sbin:/usr/bin:/sbin:/bin:/usr/games:/usr/local/games:/home/eskimo/bin
USERNAME=eskimo
LD_LIBRARY_PATH=/usr/lib/jvm/java-6-openjdk-amd64/jre/lib/amd64/server:/usr/lib/jvm/java-6-openjdk-amd64/jre/lib/amd64:/usr/lib/jvm/java-6-openjdk-amd64/jre/../lib/amd64
SHELL=/bin/bash
DISPLAY=:0

Signal Handlers:
SIGSEGV: [libjvm.so+0x798890], sa_mask[0]=0x7ffbfeff, sa_flags=0x10000004
SIGBUS: [libjvm.so+0x798890], sa_mask[0]=0x7ffbfeff, sa_flags=0x10000004
SIGFPE: [libjvm.so+0x65f730], sa_mask[0]=0x7ffbfeff, sa_flags=0x10000004
SIGPIPE: [libjvm.so+0x65f730], sa_mask[0]=0x7ffbfeff, sa_flags=0x10000004
SIGXFSZ: [libjvm.so+0x65f730], sa_mask[0]=0x7ffbfeff, sa_flags=0x10000004
SIGILL: [libjvm.so+0x65f730], sa_mask[0]=0x7ffbfeff, sa_flags=0x10000004
SIGUSR1: SIG_DFL, sa_mask[0]=0x00000000, sa_flags=0x00000000
SIGUSR2: [libjvm.so+0x65f8f0], sa_mask[0]=0x00000000, sa_flags=0x10000004
SIGHUP: [libjvm.so+0x662250], sa_mask[0]=0x7ffbfeff, sa_flags=0x10000004
SIGINT: [libjvm.so+0x662250], sa_mask[0]=0x7ffbfeff, sa_flags=0x10000004
SIGTERM: [libjvm.so+0x662250], sa_mask[0]=0x7ffbfeff, sa_flags=0x10000004
SIGQUIT: [libjvm.so+0x662250], sa_mask[0]=0x7ffbfeff, sa_flags=0x10000004


---------------  S Y S T E M  ---------------

OS:Ubuntu 12.10 (quantal)
uname:Linux 3.5.0-25-generic #38-Ubuntu SMP Mon Feb 18 23:27:42 UTC 2013 x86_64
libc:glibc 2.15 NPTL 2.15 
rlimit: STACK 8192k, CORE 0k, NPROC 192641, NOFILE 4096, AS infinity
load average:1.08 0.55 0.45

/proc/meminfo:
MemTotal:       24683172 kB
MemFree:         5781144 kB
Buffers:         3796256 kB
Cached:          5135328 kB
SwapCached:            0 kB
Active:         11400996 kB
Inactive:        5269192 kB
Active(anon):    7756288 kB
Inactive(anon):    10096 kB
Active(file):    3644708 kB
Inactive(file):  5259096 kB
Unevictable:          32 kB
Mlocked:              32 kB
SwapTotal:      64554984 kB
SwapFree:       64554984 kB
Dirty:               908 kB
Writeback:             0 kB
AnonPages:       7739720 kB
Mapped:           322056 kB
Shmem:             27648 kB
Slab:            1852216 kB
SReclaimable:    1794472 kB
SUnreclaim:        57744 kB
KernelStack:        6896 kB
PageTables:        92036 kB
NFS_Unstable:          0 kB
Bounce:                0 kB
WritebackTmp:          0 kB
CommitLimit:    76896568 kB
Committed_AS:   13764900 kB
VmallocTotal:   34359738367 kB
VmallocUsed:      378856 kB
VmallocChunk:   34359351804 kB
HardwareCorrupted:     0 kB
AnonHugePages:         0 kB
HugePages_Total:       0
HugePages_Free:        0
HugePages_Rsvd:        0
HugePages_Surp:        0
Hugepagesize:       2048 kB
DirectMap4k:      267776 kB
DirectMap2M:    24889344 kB


CPU:total 8 (4 cores per cpu, 2 threads per core) family 6 model 26 stepping 5, cmov, cx8, fxsr, mmx, sse, sse2, sse3, ssse3, sse4.1, sse4.2, popcnt, ht

Memory: 4k page, physical 24683172k(5781144k free), swap 64554984k(64554984k free)

vm_info: OpenJDK 64-Bit Server VM (20.0-b12) for linux-amd64 JRE (1.6.0_27-b27), built on Feb 20 2013 02:27:11 by "buildd" with gcc 4.7.2

time: Mon Feb 25 17:03:06 2013
elapsed time: 12 seconds

